2025-09-05 05:12:09.285 [info] [main] Log level: Info
2025-09-05 05:12:09.285 [info] [main] Validating found git in: "git"
2025-09-05 05:12:09.285 [info] [main] Using git "2.43.0" from "git"
2025-09-05 05:12:09.285 [info] [Model][doInitialScan] Initial repository scan started
2025-09-05 05:12:09.285 [info] > git rev-parse --show-toplevel [624ms]
2025-09-05 05:12:09.285 [info] fatal: not a git repository (or any parent up to mount point /)
Stopping at filesystem boundary (GIT_DISCOVERY_ACROSS_FILESYSTEM not set).
2025-09-05 05:12:09.285 [info] > git rev-parse --show-toplevel [91ms]
2025-09-05 05:12:09.285 [info] fatal: not a git repository (or any parent up to mount point /)
Stopping at filesystem boundary (GIT_DISCOVERY_ACROSS_FILESYSTEM not set).
2025-09-05 05:12:11.666 [info] > git rev-parse --show-toplevel [106ms]
2025-09-05 05:12:11.674 [info] fatal: not a git repository (or any parent up to mount point /)
Stopping at filesystem boundary (GIT_DISCOVERY_ACROSS_FILESYSTEM not set).
2025-09-05 05:12:12.170 [info] > git rev-parse --show-toplevel [14ms]
2025-09-05 05:12:12.171 [info] fatal: not a git repository (or any parent up to mount point /)
Stopping at filesystem boundary (GIT_DISCOVERY_ACROSS_FILESYSTEM not set).
2025-09-05 05:12:12.195 [info] > git rev-parse --show-toplevel [16ms]
2025-09-05 05:12:12.195 [info] fatal: not a git repository (or any parent up to mount point /)
Stopping at filesystem boundary (GIT_DISCOVERY_ACROSS_FILESYSTEM not set).
2025-09-05 05:12:12.216 [info] > git rev-parse --show-toplevel [13ms]
2025-09-05 05:12:12.216 [info] fatal: not a git repository (or any parent up to mount point /)
Stopping at filesystem boundary (GIT_DISCOVERY_ACROSS_FILESYSTEM not set).
2025-09-05 05:12:12.232 [info] > git rev-parse --show-toplevel [4ms]
2025-09-05 05:12:12.233 [info] fatal: not a git repository (or any parent up to mount point /)
Stopping at filesystem boundary (GIT_DISCOVERY_ACROSS_FILESYSTEM not set).
2025-09-05 05:12:12.246 [info] > git rev-parse --show-toplevel [5ms]
2025-09-05 05:12:12.246 [info] fatal: not a git repository (or any parent up to mount point /)
Stopping at filesystem boundary (GIT_DISCOVERY_ACROSS_FILESYSTEM not set).
2025-09-05 05:12:12.258 [info] > git rev-parse --show-toplevel [2ms]
2025-09-05 05:12:12.258 [info] fatal: not a git repository (or any parent up to mount point /)
Stopping at filesystem boundary (GIT_DISCOVERY_ACROSS_FILESYSTEM not set).
2025-09-05 05:12:12.281 [info] > git rev-parse --show-toplevel [14ms]
2025-09-05 05:12:12.282 [info] fatal: not a git repository (or any parent up to mount point /)
Stopping at filesystem boundary (GIT_DISCOVERY_ACROSS_FILESYSTEM not set).
2025-09-05 05:12:12.295 [info] > git rev-parse --show-toplevel [3ms]
2025-09-05 05:12:12.295 [info] fatal: not a git repository (or any parent up to mount point /)
Stopping at filesystem boundary (GIT_DISCOVERY_ACROSS_FILESYSTEM not set).
2025-09-05 05:12:12.296 [info] [Model][doInitialScan] Initial repository scan completed - repositories (0), closed repositories (0), parent repositories (0), unsafe repositories (0)
2025-09-05 05:29:44.772 [info] > git rev-parse --show-toplevel [2ms]
2025-09-05 05:29:44.782 [info] > git rev-parse --git-dir --git-common-dir [1ms]
2025-09-05 05:29:44.795 [info] [Model][openRepository] Opened repository (path): /home/padesigner2021
2025-09-05 05:29:44.795 [info] [Model][openRepository] Opened repository (real path): /home/padesigner2021
2025-09-05 05:29:44.817 [info] [Git][getRemotes] No remotes found in the git config file
2025-09-05 05:29:44.818 [info] > git config --get commit.template [10ms]
2025-09-05 05:29:44.819 [info] > git for-each-ref --format=%(refname)%00%(upstream:short)%00%(objectname)%00%(upstream:track)%00%(upstream:remotename)%00%(upstream:remoteref) refs/heads/main refs/remotes/main [4ms]
2025-09-05 05:29:44.820 [warning] [Git][getBranch] No such branch: main
2025-09-05 05:29:44.846 [info] > git for-each-ref --sort -committerdate --format %(refname)%00%(objectname)%00%(*objectname) [8ms]
2025-09-05 05:29:44.857 [info] > git status -z -uall [30ms]
2025-09-05 05:29:44.888 [info] > git for-each-ref --format=%(refname)%00%(upstream:short)%00%(objectname)%00%(upstream:track)%00%(upstream:remotename)%00%(upstream:remoteref) refs/heads/main refs/remotes/main [15ms]
2025-09-05 05:29:44.888 [warning] [Git][getBranch] No such branch: main
2025-09-05 05:29:44.889 [error] [GitHistoryProvider][resolveHEADMergeBase] Failed to resolve merge base for main: Error: No such branch: main.
2025-09-05 05:29:44.923 [info] > git config --get commit.template [35ms]
2025-09-05 05:29:44.931 [info] [Git][getRemotes] No remotes found in the git config file
2025-09-05 05:29:44.932 [info] > git for-each-ref --format=%(refname)%00%(upstream:short)%00%(objectname)%00%(upstream:track)%00%(upstream:remotename)%00%(upstream:remoteref) refs/heads/main refs/remotes/main [2ms]
2025-09-05 05:29:44.933 [warning] [Git][getBranch] No such branch: main
2025-09-05 05:29:44.952 [info] > git status -z -uall [13ms]
2025-09-05 05:29:44.956 [info] > git for-each-ref --sort -committerdate --format %(refname)%00%(objectname)%00%(*objectname) [8ms]
2025-09-05 05:29:45.352 [info] > git check-ignore -v -z --stdin [2ms]
2025-09-05 05:44:32.657 [info] > git config --get commit.template [9ms]
2025-09-05 05:44:32.658 [info] > git for-each-ref --format=%(refname)%00%(upstream:short)%00%(objectname)%00%(upstream:track)%00%(upstream:remotename)%00%(upstream:remoteref) refs/heads/main refs/remotes/main [3ms]
2025-09-05 05:44:32.677 [info] > git for-each-ref --sort -committerdate --format %(refname)%00%(objectname)%00%(*objectname) [2ms]
2025-09-05 05:44:32.845 [info] > git status -z -uall [180ms]
2025-09-05 05:44:33.221 [info] > git show --textconv :cors.json [9ms]
2025-09-05 05:44:33.223 [info] > git ls-files --stage -- cors.json [2ms]
2025-09-05 05:44:33.232 [info] > git cat-file -s 5e336d453f4f90668093252e78a0da5dcbb1358f [3ms]
2025-09-05 05:44:33.405 [info] > git blame --root --incremental 904d6e91fd97d310ebb7069bdeddbff9d29cf339 -- cors.json [3ms]
2025-09-05 06:40:55.165 [info] > git config --get commit.template [3ms]
2025-09-05 06:40:55.188 [info] > git for-each-ref --format=%(refname)%00%(upstream:short)%00%(objectname)%00%(upstream:track)%00%(upstream:remotename)%00%(upstream:remoteref) refs/heads/main refs/remotes/main [14ms]
2025-09-05 06:40:55.225 [info] > git ls-files --stage -- cors.json [39ms]
2025-09-05 06:40:55.244 [info] > git for-each-ref --sort -committerdate --format %(refname)%00%(objectname)%00%(*objectname) [28ms]
2025-09-05 06:40:55.250 [info] > git cat-file -s 5e336d453f4f90668093252e78a0da5dcbb1358f [9ms]
2025-09-05 06:40:55.266 [info] > git status -z -uall [68ms]
2025-09-05 06:40:55.291 [info] > git show --textconv :cors.json [5ms]
2025-09-05 06:41:01.932 [info] > git config --get commit.template [8ms]
2025-09-05 06:41:01.933 [info] > git for-each-ref --format=%(refname)%00%(upstream:short)%00%(objectname)%00%(upstream:track)%00%(upstream:remotename)%00%(upstream:remoteref) refs/heads/main refs/remotes/main [2ms]
2025-09-05 06:41:01.957 [info] > git for-each-ref --sort -committerdate --format %(refname)%00%(objectname)%00%(*objectname) [6ms]
2025-09-05 06:41:01.985 [info] > git status -z -uall [45ms]
2025-09-05 06:43:00.124 [info] > git config --get commit.template [12ms]
2025-09-05 06:43:00.125 [info] > git for-each-ref --format=%(refname)%00%(upstream:short)%00%(objectname)%00%(upstream:track)%00%(upstream:remotename)%00%(upstream:remoteref) refs/heads/main refs/remotes/main [3ms]
2025-09-05 06:43:00.156 [info] > git for-each-ref --sort -committerdate --format %(refname)%00%(objectname)%00%(*objectname) [4ms]
2025-09-05 06:43:00.181 [info] > git status -z -uall [47ms]
2025-09-05 06:43:05.207 [info] > git config --get commit.template [13ms]
2025-09-05 06:43:05.207 [info] > git for-each-ref --format=%(refname)%00%(upstream:short)%00%(objectname)%00%(upstream:track)%00%(upstream:remotename)%00%(upstream:remoteref) refs/heads/main refs/remotes/main [3ms]
2025-09-05 06:43:05.235 [info] > git for-each-ref --sort -committerdate --format %(refname)%00%(objectname)%00%(*objectname) [4ms]
2025-09-05 06:43:05.267 [info] > git status -z -uall [50ms]
2025-09-05 06:45:15.202 [info] > git config --get commit.template [8ms]
2025-09-05 06:45:15.204 [info] > git for-each-ref --format=%(refname)%00%(upstream:short)%00%(objectname)%00%(upstream:track)%00%(upstream:remotename)%00%(upstream:remoteref) refs/heads/main refs/remotes/main [3ms]
2025-09-05 06:45:15.227 [info] > git for-each-ref --sort -committerdate --format %(refname)%00%(objectname)%00%(*objectname) [5ms]
2025-09-05 06:45:15.257 [info] > git status -z -uall [45ms]
2025-09-05 06:46:26.983 [info] > git config --get commit.template [4ms]
2025-09-05 06:46:26.997 [info] > git for-each-ref --format=%(refname)%00%(upstream:short)%00%(objectname)%00%(upstream:track)%00%(upstream:remotename)%00%(upstream:remoteref) refs/heads/main refs/remotes/main [4ms]
2025-09-05 06:46:27.025 [info] > git for-each-ref --sort -committerdate --format %(refname)%00%(objectname)%00%(*objectname) [4ms]
2025-09-05 06:46:27.058 [info] > git status -z -uall [52ms]
2025-09-05 06:46:34.493 [info] > git config --get commit.template [10ms]
2025-09-05 06:46:34.494 [info] > git for-each-ref --format=%(refname)%00%(upstream:short)%00%(objectname)%00%(upstream:track)%00%(upstream:remotename)%00%(upstream:remoteref) refs/heads/main refs/remotes/main [3ms]
2025-09-05 06:46:34.522 [info] > git for-each-ref --sort -committerdate --format %(refname)%00%(objectname)%00%(*objectname) [4ms]
2025-09-05 06:46:34.548 [info] > git status -z -uall [45ms]
2025-09-05 07:04:20.739 [info] > git config --get commit.template [19ms]
2025-09-05 07:04:20.757 [info] > git for-each-ref --format=%(refname)%00%(upstream:short)%00%(objectname)%00%(upstream:track)%00%(upstream:remotename)%00%(upstream:remoteref) refs/heads/main refs/remotes/main [19ms]
2025-09-05 07:04:20.784 [info] > git for-each-ref --sort -committerdate --format %(refname)%00%(objectname)%00%(*objectname) [5ms]
2025-09-05 07:04:20.930 [info] > git status -z -uall [163ms]
2025-09-05 07:41:23.252 [info] > git config --get commit.template [4ms]
2025-09-05 07:41:23.266 [info] > git for-each-ref --format=%(refname)%00%(upstream:short)%00%(objectname)%00%(upstream:track)%00%(upstream:remotename)%00%(upstream:remoteref) refs/heads/main refs/remotes/main [2ms]
2025-09-05 07:41:23.307 [info] > git for-each-ref --sort -committerdate --format %(refname)%00%(objectname)%00%(*objectname) [5ms]
2025-09-05 07:41:23.403 [info] > git status -z -uall [122ms]
