2025-09-05 03:51:01.773 [info] [main] Log level: Info
2025-09-05 03:51:01.774 [info] [main] Validating found git in: "git"
2025-09-05 03:51:01.774 [info] [main] Using git "2.43.0" from "git"
2025-09-05 03:51:01.774 [info] [Model][doInitialScan] Initial repository scan started
2025-09-05 03:51:01.774 [info] > git rev-parse --show-toplevel [4ms]
2025-09-05 03:51:01.774 [info] fatal: not a git repository (or any parent up to mount point /)
Stopping at filesystem boundary (GIT_DISCOVERY_ACROSS_FILESYSTEM not set).
2025-09-05 03:51:01.774 [info] > git rev-parse --show-toplevel [2ms]
2025-09-05 03:51:01.774 [info] fatal: not a git repository (or any parent up to mount point /)
Stopping at filesystem boundary (GIT_DISCOVERY_ACROSS_FILESYSTEM not set).
2025-09-05 03:51:01.775 [info] > git rev-parse --show-toplevel [2ms]
2025-09-05 03:51:01.775 [info] fatal: not a git repository (or any parent up to mount point /)
Stopping at filesystem boundary (GIT_DISCOVERY_ACROSS_FILESYSTEM not set).
2025-09-05 03:51:03.920 [info] > git rev-parse --show-toplevel [21ms]
2025-09-05 03:51:03.920 [info] fatal: not a git repository (or any parent up to mount point /)
Stopping at filesystem boundary (GIT_DISCOVERY_ACROSS_FILESYSTEM not set).
2025-09-05 03:51:04.063 [info] > git rev-parse --show-toplevel [133ms]
2025-09-05 03:51:04.065 [info] fatal: not a git repository (or any parent up to mount point /)
Stopping at filesystem boundary (GIT_DISCOVERY_ACROSS_FILESYSTEM not set).
2025-09-05 03:51:04.376 [info] > git rev-parse --show-toplevel [298ms]
2025-09-05 03:51:04.376 [info] fatal: not a git repository (or any parent up to mount point /)
Stopping at filesystem boundary (GIT_DISCOVERY_ACROSS_FILESYSTEM not set).
2025-09-05 03:51:04.415 [info] > git rev-parse --show-toplevel [30ms]
2025-09-05 03:51:04.415 [info] fatal: not a git repository (or any parent up to mount point /)
Stopping at filesystem boundary (GIT_DISCOVERY_ACROSS_FILESYSTEM not set).
2025-09-05 03:51:07.058 [info] > git rev-parse --show-toplevel [2603ms]
2025-09-05 03:51:07.058 [info] fatal: not a git repository (or any parent up to mount point /)
Stopping at filesystem boundary (GIT_DISCOVERY_ACROSS_FILESYSTEM not set).
2025-09-05 03:51:07.647 [info] > git rev-parse --show-toplevel [259ms]
2025-09-05 03:51:07.648 [info] fatal: not a git repository (or any parent up to mount point /)
Stopping at filesystem boundary (GIT_DISCOVERY_ACROSS_FILESYSTEM not set).
2025-09-05 03:51:07.649 [info] [Model][doInitialScan] Initial repository scan completed - repositories (0), closed repositories (0), parent repositories (0), unsafe repositories (0)
2025-09-05 03:51:07.740 [info] > git rev-parse --show-toplevel [58ms]
2025-09-05 03:51:07.740 [info] fatal: not a git repository (or any parent up to mount point /)
Stopping at filesystem boundary (GIT_DISCOVERY_ACROSS_FILESYSTEM not set).
2025-09-05 03:52:47.493 [info] > git rev-parse --show-toplevel [21ms]
2025-09-05 03:52:47.493 [info] fatal: not a git repository (or any parent up to mount point /)
Stopping at filesystem boundary (GIT_DISCOVERY_ACROSS_FILESYSTEM not set).
